= Start
@ ./libc_notes:[0x157b] + 0x55c95eba42a0 0x18
@ ./libc_notes:[0x15e6] + 0x55c95eba48b0 0x18
@ ./libc_notes:[0x157b] + 0x55c95eba48d0 0x1a
@ ./libc_notes:[0x15e6] + 0x55c95eba4900 0x18
@ ./libc_notes:[0x157b] + 0x55c95eba4920 0x1a
@ ./libc_notes:[0x15e6] + 0x55c95eba4950 0x18
@ ./libc_notes:[0x157b] + 0x55c95eba4970 0x1a
@ ./libc_notes:[0x15e6] + 0x55c95eba49a0 0x18
@ ./libc_notes:[0x157b] + 0x55c95eba49c0 0x1a
@ ./libc_notes:[0x15e6] + 0x55c95eba49f0 0x18
@ ./libc_notes:[0x17b9] < 0x55c95eba4920
@ ./libc_notes:[0x17b9] > 0x55c95eba4920 0x1d
@ ./libc_notes:[0x1cd2] + 0x55c95eba4a10 0x18
@ ./libc_notes:[0x1699] - 0x55c95eba4a10
@ ./libc_notes:[0x168d] - 0x55c95eba42a0
@ ./libc_notes:[0x1699] - 0x55c95eba48b0
@ ./libc_notes:[0x168d] - 0x55c95eba48d0
@ ./libc_notes:[0x1699] - 0x55c95eba4900
@ ./libc_notes:[0x168d] - 0x55c95eba4920
@ ./libc_notes:[0x1699] - 0x55c95eba4950
@ ./libc_notes:[0x168d] - 0x55c95eba4970
@ ./libc_notes:[0x1699] - 0x55c95eba49a0
@ ./libc_notes:[0x168d] - 0x55c95eba49c0
@ ./libc_notes:[0x1699] - 0x55c95eba49f0
= End
